E:\WORKCOPY\BASEDM-GIT\TODDLER\WINDOWS-CAP\BIN\DEBUG\BASEDM.EXE
E:\WORKCOPY\BASEDM-GIT\TODDLER\WINDOWS-CAP\BIN\DEBUG\BASEDM.ILK
E:\WORKCOPY\BASEDM-GIT\TODDLER\WINDOWS-CAP\BIN\DEBUG\BASEDM.PDB
E:\workcopy\basedm-git\Toddler\windows-cap\build\basedm\..\..\bin\Debug\basedm.exe
E:\workcopy\basedm-git\Toddler\windows-cap\build\basedm\..\..\bin\Debug\basedm.ilk
E:\workcopy\basedm-git\Toddler\windows-cap\build\basedm\..\..\bin\Debug\basedm.pdb
E:\WORKCOPY\BASEDM-GIT\TODDLER\WINDOWS-CAP\BUILD\BASEDM\DEBUG\BASEDM.EXE.EMBED.MANIFEST
E:\WORKCOPY\BASEDM-GIT\TODDLER\WINDOWS-CAP\BUILD\BASEDM\DEBUG\BASEDM.EXE.EMBED.MANIFEST.RES
E:\WORKCOPY\BASEDM-GIT\TODDLER\WINDOWS-CAP\BUILD\BASEDM\DEBUG\BASEDM.EXE.INTERMEDIATE.MANIFEST
E:\WORKCOPY\BASEDM-GIT\TODDLER\WINDOWS-CAP\BUILD\BASEDM\DEBUG\BASEDM.OBJ
E:\WORKCOPY\BASEDM-GIT\TODDLER\WINDOWS-CAP\BUILD\BASEDM\DEBUG\BASEDM.PCH
E:\WORKCOPY\BASEDM-GIT\TODDLER\WINDOWS-CAP\BUILD\BASEDM\DEBUG\BASEDM.RES
E:\workcopy\basedm-git\Toddler\windows-cap\build\basedm\Debug\basedm.write.1.tlog
E:\workcopy\basedm-git\Toddler\windows-cap\build\basedm\Debug\basedm_manifest.rc
E:\WORKCOPY\BASEDM-GIT\TODDLER\WINDOWS-CAP\BUILD\BASEDM\DEBUG\BASEDMDLG.OBJ
E:\workcopy\basedm-git\Toddler\windows-cap\build\basedm\Debug\cl.command.1.tlog
E:\workcopy\basedm-git\Toddler\windows-cap\build\basedm\Debug\CL.read.1.tlog
E:\workcopy\basedm-git\Toddler\windows-cap\build\basedm\Debug\CL.write.1.tlog
E:\workcopy\basedm-git\Toddler\windows-cap\build\basedm\Debug\link.command.1.tlog
E:\workcopy\basedm-git\Toddler\windows-cap\build\basedm\Debug\link.read.1.tlog
E:\workcopy\basedm-git\Toddler\windows-cap\build\basedm\Debug\link.write.1.tlog
E:\workcopy\basedm-git\Toddler\windows-cap\build\basedm\Debug\link-cvtres.read.1.tlog
E:\workcopy\basedm-git\Toddler\windows-cap\build\basedm\Debug\link-cvtres.write.1.tlog
E:\workcopy\basedm-git\Toddler\windows-cap\build\basedm\Debug\mt.command.1.tlog
E:\workcopy\basedm-git\Toddler\windows-cap\build\basedm\Debug\mt.read.1.tlog
E:\workcopy\basedm-git\Toddler\windows-cap\build\basedm\Debug\mt.write.1.tlog
E:\workcopy\basedm-git\Toddler\windows-cap\build\basedm\Debug\rc.command.1.tlog
E:\workcopy\basedm-git\Toddler\windows-cap\build\basedm\Debug\rc.read.1.tlog
E:\workcopy\basedm-git\Toddler\windows-cap\build\basedm\Debug\rc.write.1.tlog
E:\WORKCOPY\BASEDM-GIT\TODDLER\WINDOWS-CAP\BUILD\BASEDM\DEBUG\STDAFX.OBJ
E:\workcopy\basedm-git\Toddler\windows-cap\build\basedm\Debug\vc100.idb
E:\WORKCOPY\BASEDM-GIT\TODDLER\WINDOWS-CAP\BUILD\BASEDM\DEBUG\VC100.PDB
