生成启动时间为 2019/10/27 2:43:26。
     1>项目“E:\workcopy\basedm-git\Toddler\windows-cap\build\basedm\basedm.vcxproj”在节点 2 上(build 个目标)。
     1>InitializeBuildStatus:
         正在创建“Debug\basedm.unsuccessfulbuild”，因为已指定“AlwaysCreate”。
       ClCompile:
         所有输出均为最新。
         C:\Program Files (x86)\Microsoft Visual Studio 10.0\VC\bin\CL.exe /c /I"E:\workcopy\basedm-git\Toddler\windows-cap\build\basedm\..\..\src" /ZI /nologo /W3 /WX- /Od /Oy- /D WIN32 /D _WINDOWS /D _DEBUG /D _UNICODE /D UNICODE /D _AFXDLL /Gm /EHsc /RTC1 /MDd /GS /fp:precise /Zc:wchar_t /Zc:forScope /Yc"StdAfx.h" /Fp"Debug\basedm.pch" /Fo"Debug\\" /Fd"Debug\vc100.pdb" /Gd /TP /analyze- /errorReport:prompt stdafx.cpp
         stdafx.cpp
         C:\Program Files (x86)\Microsoft Visual Studio 10.0\VC\bin\CL.exe /c /I"E:\workcopy\basedm-git\Toddler\windows-cap\build\basedm\..\..\src" /ZI /nologo /W3 /WX- /Od /Oy- /D WIN32 /D _WINDOWS /D _DEBUG /D _UNICODE /D UNICODE /D _AFXDLL /Gm /EHsc /RTC1 /MDd /GS /fp:precise /Zc:wchar_t /Zc:forScope /Yu"StdAfx.h" /Fp"Debug\basedm.pch" /Fo"Debug\\" /Fd"Debug\vc100.pdb" /Gd /TP /analyze- /errorReport:prompt ..\..\src\bdm_hymedia.cpp ..\..\src\hymedia_cap.cpp basedm.cpp basedmDlg.cpp
         basedmDlg.cpp
     1>e:\workcopy\basedm-git\toddler\windows-cap\build\basedm\basedmdlg.cpp(205): warning C4996: '_vsnprintf': This function or variable may be unsafe. Consider using _vsnprintf_s instead. To disable deprecation, use _CRT_SECURE_NO_WARNINGS. See online help for details.
                 c:\program files (x86)\microsoft visual studio 10.0\vc\include\stdio.h(363) : 参见“_vsnprintf”的声明
         basedm.cpp
         hymedia_cap.cpp
         bdm_hymedia.cpp
         正在生成代码...
       ResourceCompile:
         所有输出均为最新。
       ManifestResourceCompile:
         所有输出均为最新。
       Link:
         C:\Program Files (x86)\Microsoft Visual Studio 10.0\VC\bin\link.exe /ERRORREPORT:PROMPT /OUT:"E:\workcopy\basedm-git\Toddler\windows-cap\build\basedm\..\..\bin\Debug\basedm.exe" /INCREMENTAL /NOLOGO /MANIFEST /ManifestFile:"Debug\basedm.exe.intermediate.manifest" /MANIFESTUAC:"level='asInvoker' uiAccess='false'" /DEBUG /PDB:"E:\workcopy\basedm-git\Toddler\windows-cap\bin\Debug\basedm.pdb" /SUBSYSTEM:WINDOWS /TLBID:1 /ENTRY:"wWinMainCRTStartup" /DYNAMICBASE /NXCOMPAT /IMPLIB:"E:\workcopy\basedm-git\Toddler\windows-cap\build\basedm\..\..\bin\Debug\basedm.lib" /MACHINE:X86 Debug\basedm.res
         Debug\basedm.exe.embed.manifest.res
         Debug\bdm_hymedia.obj
         Debug\hymedia_cap.obj
         Debug\basedm.obj
         Debug\basedmDlg.obj
         Debug\stdafx.obj
       Manifest:
         C:\Program Files (x86)\Microsoft SDKs\Windows\v7.0A\bin\mt.exe /nologo /verbose /out:"Debug\basedm.exe.embed.manifest" /manifest Debug\basedm.exe.intermediate.manifest "C:\Program Files (x86)\Microsoft Visual Studio 10.0\VC\Include\Manifest\dpiaware.manifest"
         所有输出均为最新。
       LinkEmbedManifest:
         所有输出均为最新。
         basedm.vcxproj -> E:\workcopy\basedm-git\Toddler\windows-cap\build\basedm\..\..\bin\Debug\basedm.exe
       FinalizeBuildStatus:
         正在删除文件“Debug\basedm.unsuccessfulbuild”。
         正在对“Debug\basedm.lastbuildstate”执行 Touch 任务。
     1>已完成生成项目“E:\workcopy\basedm-git\Toddler\windows-cap\build\basedm\basedm.vcxproj”(build 个目标)的操作。

生成成功。

已用时间 00:00:08.65
