生成启动时间为 2019/12/17 17:09:56。
     1>项目“E:\workcopy\basedm-git\Toddler\windows-crypto\build\basedm\basedm.vcxproj”在节点 2 上(build 个目标)。
     1>InitializeBuildStatus:
         正在创建“Debug\basedm.unsuccessfulbuild”，因为已指定“AlwaysCreate”。
       ClCompile:
         所有输出均为最新。
         C:\Program Files (x86)\Microsoft Visual Studio 10.0\VC\bin\CL.exe /c /I"E:\workcopy\basedm-git\Toddler\windows-crypto\build\basedm\..\..\src" /ZI /nologo /W3 /WX- /Od /Oy- /D WIN32 /D _WINDOWS /D _DEBUG /D _MBCS /D _AFXDLL /Gm /EHsc /RTC1 /MDd /GS /fp:precise /Zc:wchar_t /Zc:forScope /Yu"StdAfx.h" /Fp"Debug\basedm.pch" /Fo"Debug\\" /Fd"Debug\vc100.pdb" /Gd /TP /analyze- /errorReport:prompt ..\..\src\bdm_crypto.cpp
         bdm_crypto.cpp
     1>e:\workcopy\basedm-git\toddler\windows-crypto\src\bdm_crypto.cpp(75): warning C4996: 'fopen': This function or variable may be unsafe. Consider using fopen_s instead. To disable deprecation, use _CRT_SECURE_NO_WARNINGS. See online help for details.
                 c:\program files (x86)\microsoft visual studio 10.0\vc\include\stdio.h(234) : 参见“fopen”的声明
     1>e:\workcopy\basedm-git\toddler\windows-crypto\src\bdm_crypto.cpp(82): warning C4996: 'fopen': This function or variable may be unsafe. Consider using fopen_s instead. To disable deprecation, use _CRT_SECURE_NO_WARNINGS. See online help for details.
                 c:\program files (x86)\microsoft visual studio 10.0\vc\include\stdio.h(234) : 参见“fopen”的声明
     1>e:\workcopy\basedm-git\toddler\windows-crypto\src\bdm_crypto.cpp(177): warning C4996: 'fopen': This function or variable may be unsafe. Consider using fopen_s instead. To disable deprecation, use _CRT_SECURE_NO_WARNINGS. See online help for details.
                 c:\program files (x86)\microsoft visual studio 10.0\vc\include\stdio.h(234) : 参见“fopen”的声明
     1>e:\workcopy\basedm-git\toddler\windows-crypto\src\bdm_crypto.cpp(184): warning C4996: 'fopen': This function or variable may be unsafe. Consider using fopen_s instead. To disable deprecation, use _CRT_SECURE_NO_WARNINGS. See online help for details.
                 c:\program files (x86)\microsoft visual studio 10.0\vc\include\stdio.h(234) : 参见“fopen”的声明
     1>e:\workcopy\basedm-git\toddler\windows-crypto\src\bdm_crypto.cpp(266): warning C4018: “<”: 有符号/无符号不匹配
     1>e:\workcopy\basedm-git\toddler\windows-crypto\src\bdm_crypto.cpp(271): warning C4996: 'fopen': This function or variable may be unsafe. Consider using fopen_s instead. To disable deprecation, use _CRT_SECURE_NO_WARNINGS. See online help for details.
                 c:\program files (x86)\microsoft visual studio 10.0\vc\include\stdio.h(234) : 参见“fopen”的声明
     1>e:\workcopy\basedm-git\toddler\windows-crypto\src\bdm_crypto.cpp(324): warning C4244: “参数”: 从“uint64_t”转换到“size_t”，可能丢失数据
     1>e:\workcopy\basedm-git\toddler\windows-crypto\src\bdm_crypto.cpp(334): warning C4996: 'fopen': This function or variable may be unsafe. Consider using fopen_s instead. To disable deprecation, use _CRT_SECURE_NO_WARNINGS. See online help for details.
                 c:\program files (x86)\microsoft visual studio 10.0\vc\include\stdio.h(234) : 参见“fopen”的声明
     1>e:\workcopy\basedm-git\toddler\windows-crypto\src\bdm_crypto.cpp(342): warning C4244: “参数”: 从“uint64_t”转换到“size_t”，可能丢失数据
     1>e:\workcopy\basedm-git\toddler\windows-crypto\src\bdm_crypto.cpp(391): warning C4996: 'fopen': This function or variable may be unsafe. Consider using fopen_s instead. To disable deprecation, use _CRT_SECURE_NO_WARNINGS. See online help for details.
                 c:\program files (x86)\microsoft visual studio 10.0\vc\include\stdio.h(234) : 参见“fopen”的声明
     1>e:\workcopy\basedm-git\toddler\windows-crypto\src\bdm_crypto.cpp(408): warning C4244: “参数”: 从“uint64_t”转换到“size_t”，可能丢失数据
     1>e:\workcopy\basedm-git\toddler\windows-crypto\src\bdm_crypto.cpp(418): warning C4996: 'fopen': This function or variable may be unsafe. Consider using fopen_s instead. To disable deprecation, use _CRT_SECURE_NO_WARNINGS. See online help for details.
                 c:\program files (x86)\microsoft visual studio 10.0\vc\include\stdio.h(234) : 参见“fopen”的声明
     1>e:\workcopy\basedm-git\toddler\windows-crypto\src\bdm_crypto.cpp(424): warning C4244: “参数”: 从“uint64_t”转换到“size_t”，可能丢失数据
     1>e:\workcopy\basedm-git\toddler\windows-crypto\src\bdm_crypto.cpp(426): warning C4244: “参数”: 从“uint64_t”转换到“size_t”，可能丢失数据
     1>e:\workcopy\basedm-git\toddler\windows-crypto\src\bdm_crypto.cpp(489): warning C4996: 'strcpy': This function or variable may be unsafe. Consider using strcpy_s instead. To disable deprecation, use _CRT_SECURE_NO_WARNINGS. See online help for details.
                 c:\program files (x86)\microsoft visual studio 10.0\vc\include\string.h(105) : 参见“strcpy”的声明
       ResourceCompile:
         所有输出均为最新。
       ManifestResourceCompile:
         所有输出均为最新。
       Link:
         C:\Program Files (x86)\Microsoft Visual Studio 10.0\VC\bin\link.exe /ERRORREPORT:PROMPT /OUT:"E:\workcopy\basedm-git\Toddler\windows-crypto\build\basedm\Debug\basedm.exe" /INCREMENTAL /NOLOGO Kernel32.lib ws2_32.lib winmm.lib /MANIFEST /ManifestFile:"Debug\basedm.exe.intermediate.manifest" /MANIFESTUAC:"level='asInvoker' uiAccess='false'" /DEBUG /PDB:"E:\workcopy\basedm-git\Toddler\windows-crypto\build\basedm\Debug\basedm.pdb" /SUBSYSTEM:WINDOWS /TLBID:1 /DYNAMICBASE /NXCOMPAT /IMPLIB:"E:\workcopy\basedm-git\Toddler\windows-crypto\build\basedm\Debug\basedm.lib" /MACHINE:X86 Debug\basedm.res
         Debug\basedm.exe.embed.manifest.res
         Debug\aes.obj
         Debug\bdm_crypto.obj
         Debug\basedm.obj
         Debug\basedmDlg.obj
         Debug\stdafx.obj
       Manifest:
         C:\Program Files (x86)\Microsoft SDKs\Windows\v7.0A\bin\mt.exe /nologo /verbose /out:"Debug\basedm.exe.embed.manifest" /manifest Debug\basedm.exe.intermediate.manifest "C:\Program Files (x86)\Microsoft Visual Studio 10.0\VC\Include\Manifest\dpiaware.manifest"
         所有输出均为最新。
       LinkEmbedManifest:
         所有输出均为最新。
         basedm.vcxproj -> E:\workcopy\basedm-git\Toddler\windows-crypto\build\basedm\Debug\basedm.exe
       FinalizeBuildStatus:
         正在删除文件“Debug\basedm.unsuccessfulbuild”。
         正在对“Debug\basedm.lastbuildstate”执行 Touch 任务。
     1>已完成生成项目“E:\workcopy\basedm-git\Toddler\windows-crypto\build\basedm\basedm.vcxproj”(build 个目标)的操作。

生成成功。

已用时间 00:00:01.47
