E:\WORKCOPY\BASEDM\WINDOWS-F\BUILD\BASEDM\DEBUG\BASEDM.EXE
E:\WORKCOPY\BASEDM\WINDOWS-F\BUILD\BASEDM\DEBUG\BASEDM.EXE.EMBED.MANIFEST
E:\WORKCOPY\BASEDM\WINDOWS-F\BUILD\BASEDM\DEBUG\BASEDM.EXE.EMBED.MANIFEST.RES
E:\WORKCOPY\BASEDM\WINDOWS-F\BUILD\BASEDM\DEBUG\BASEDM.EXE.INTERMEDIATE.MANIFEST
E:\WORKCOPY\BASEDM\WINDOWS-F\BUILD\BASEDM\DEBUG\BASEDM.ILK
E:\WORKCOPY\BASEDM\WINDOWS-F\BUILD\BASEDM\DEBUG\BASEDM.OBJ
E:\WORKCOPY\BASEDM\WINDOWS-F\BUILD\BASEDM\DEBUG\BASEDM.PCH
E:\WORKCOPY\BASEDM\WINDOWS-F\BUILD\BASEDM\DEBUG\BASEDM.PDB
E:\WORKCOPY\BASEDM\WINDOWS-F\BUILD\BASEDM\DEBUG\BASEDM.RES
E:\WORKCOPY\BASEDM\WINDOWS-F\BUILD\BASEDM\DEBUG\BASEDMDLG.OBJ
E:\WORKCOPY\BASEDM\WINDOWS-F\BUILD\BASEDM\DEBUG\STDAFX.OBJ
E:\WORKCOPY\BASEDM\WINDOWS-F\BUILD\BASEDM\DEBUG\VC100.PDB
E:\WORKCOPY\BASEDM-GIT\TODDLER\WINDOWS-CRYPTO\BUILD\BASEDM\DEBUG\AES.OBJ
E:\WORKCOPY\BASEDM-GIT\TODDLER\WINDOWS-CRYPTO\BUILD\BASEDM\DEBUG\BASEDM.EXE
E:\WORKCOPY\BASEDM-GIT\TODDLER\WINDOWS-CRYPTO\BUILD\BASEDM\DEBUG\BASEDM.EXE.EMBED.MANIFEST
E:\WORKCOPY\BASEDM-GIT\TODDLER\WINDOWS-CRYPTO\BUILD\BASEDM\DEBUG\BASEDM.EXE.EMBED.MANIFEST.RES
E:\WORKCOPY\BASEDM-GIT\TODDLER\WINDOWS-CRYPTO\BUILD\BASEDM\DEBUG\BASEDM.EXE.INTERMEDIATE.MANIFEST
E:\WORKCOPY\BASEDM-GIT\TODDLER\WINDOWS-CRYPTO\BUILD\BASEDM\DEBUG\BASEDM.ILK
E:\WORKCOPY\BASEDM-GIT\TODDLER\WINDOWS-CRYPTO\BUILD\BASEDM\DEBUG\BASEDM.OBJ
E:\WORKCOPY\BASEDM-GIT\TODDLER\WINDOWS-CRYPTO\BUILD\BASEDM\DEBUG\BASEDM.PCH
E:\WORKCOPY\BASEDM-GIT\TODDLER\WINDOWS-CRYPTO\BUILD\BASEDM\DEBUG\BASEDM.PDB
E:\WORKCOPY\BASEDM-GIT\TODDLER\WINDOWS-CRYPTO\BUILD\BASEDM\DEBUG\BASEDM.RES
E:\workcopy\basedm-git\Toddler\windows-crypto\build\basedm\Debug\basedm.vcxprojResolveAssemblyReference.cache
E:\workcopy\basedm-git\Toddler\windows-crypto\build\basedm\Debug\basedm.write.1.tlog
E:\workcopy\basedm-git\Toddler\windows-crypto\build\basedm\Debug\basedm_manifest.rc
E:\WORKCOPY\BASEDM-GIT\TODDLER\WINDOWS-CRYPTO\BUILD\BASEDM\DEBUG\BASEDMDLG.OBJ
E:\WORKCOPY\BASEDM-GIT\TODDLER\WINDOWS-CRYPTO\BUILD\BASEDM\DEBUG\BDM_CRYPTO.OBJ
E:\workcopy\basedm-git\Toddler\windows-crypto\build\basedm\Debug\cl.command.1.tlog
E:\workcopy\basedm-git\Toddler\windows-crypto\build\basedm\Debug\CL.read.1.tlog
E:\workcopy\basedm-git\Toddler\windows-crypto\build\basedm\Debug\CL.write.1.tlog
E:\workcopy\basedm-git\Toddler\windows-crypto\build\basedm\Debug\link.10640.read.1.tlog
E:\workcopy\basedm-git\Toddler\windows-crypto\build\basedm\Debug\link.10640.write.1.tlog
E:\workcopy\basedm-git\Toddler\windows-crypto\build\basedm\Debug\link.10640-cvtres.read.1.tlog
E:\workcopy\basedm-git\Toddler\windows-crypto\build\basedm\Debug\link.10640-cvtres.write.1.tlog
E:\workcopy\basedm-git\Toddler\windows-crypto\build\basedm\Debug\link.10896.read.1.tlog
E:\workcopy\basedm-git\Toddler\windows-crypto\build\basedm\Debug\link.10896.write.1.tlog
E:\workcopy\basedm-git\Toddler\windows-crypto\build\basedm\Debug\link.10896-cvtres.read.1.tlog
E:\workcopy\basedm-git\Toddler\windows-crypto\build\basedm\Debug\link.10896-cvtres.write.1.tlog
E:\workcopy\basedm-git\Toddler\windows-crypto\build\basedm\Debug\link.11056.read.1.tlog
E:\workcopy\basedm-git\Toddler\windows-crypto\build\basedm\Debug\link.11056.write.1.tlog
E:\workcopy\basedm-git\Toddler\windows-crypto\build\basedm\Debug\link.11056-cvtres.read.1.tlog
E:\workcopy\basedm-git\Toddler\windows-crypto\build\basedm\Debug\link.11056-cvtres.write.1.tlog
E:\workcopy\basedm-git\Toddler\windows-crypto\build\basedm\Debug\link.12020.read.1.tlog
E:\workcopy\basedm-git\Toddler\windows-crypto\build\basedm\Debug\link.12020.write.1.tlog
E:\workcopy\basedm-git\Toddler\windows-crypto\build\basedm\Debug\link.12020-cvtres.read.1.tlog
E:\workcopy\basedm-git\Toddler\windows-crypto\build\basedm\Debug\link.12020-cvtres.write.1.tlog
E:\workcopy\basedm-git\Toddler\windows-crypto\build\basedm\Debug\link.5424.read.1.tlog
E:\workcopy\basedm-git\Toddler\windows-crypto\build\basedm\Debug\link.5424.write.1.tlog
E:\workcopy\basedm-git\Toddler\windows-crypto\build\basedm\Debug\link.5424-cvtres.read.1.tlog
E:\workcopy\basedm-git\Toddler\windows-crypto\build\basedm\Debug\link.5424-cvtres.write.1.tlog
E:\workcopy\basedm-git\Toddler\windows-crypto\build\basedm\Debug\link.65732.read.1.tlog
E:\workcopy\basedm-git\Toddler\windows-crypto\build\basedm\Debug\link.65732.write.1.tlog
E:\workcopy\basedm-git\Toddler\windows-crypto\build\basedm\Debug\link.65732-cvtres.read.1.tlog
E:\workcopy\basedm-git\Toddler\windows-crypto\build\basedm\Debug\link.65732-cvtres.write.1.tlog
E:\workcopy\basedm-git\Toddler\windows-crypto\build\basedm\Debug\link.7520.read.1.tlog
E:\workcopy\basedm-git\Toddler\windows-crypto\build\basedm\Debug\link.7520.write.1.tlog
E:\workcopy\basedm-git\Toddler\windows-crypto\build\basedm\Debug\link.7520-cvtres.read.1.tlog
E:\workcopy\basedm-git\Toddler\windows-crypto\build\basedm\Debug\link.7520-cvtres.write.1.tlog
E:\workcopy\basedm-git\Toddler\windows-crypto\build\basedm\Debug\link.command.1.tlog
E:\workcopy\basedm-git\Toddler\windows-crypto\build\basedm\Debug\link.read.1.tlog
E:\workcopy\basedm-git\Toddler\windows-crypto\build\basedm\Debug\link.write.1.tlog
E:\workcopy\basedm-git\Toddler\windows-crypto\build\basedm\Debug\link-cvtres.read.1.tlog
E:\workcopy\basedm-git\Toddler\windows-crypto\build\basedm\Debug\link-cvtres.write.1.tlog
E:\workcopy\basedm-git\Toddler\windows-crypto\build\basedm\Debug\mt.command.1.tlog
E:\workcopy\basedm-git\Toddler\windows-crypto\build\basedm\Debug\mt.read.1.tlog
E:\workcopy\basedm-git\Toddler\windows-crypto\build\basedm\Debug\mt.write.1.tlog
E:\workcopy\basedm-git\Toddler\windows-crypto\build\basedm\Debug\rc.command.1.tlog
E:\workcopy\basedm-git\Toddler\windows-crypto\build\basedm\Debug\rc.read.1.tlog
E:\workcopy\basedm-git\Toddler\windows-crypto\build\basedm\Debug\rc.write.1.tlog
E:\WORKCOPY\BASEDM-GIT\TODDLER\WINDOWS-CRYPTO\BUILD\BASEDM\DEBUG\STDAFX.OBJ
E:\workcopy\basedm-git\Toddler\windows-crypto\build\basedm\Debug\vc100.idb
E:\WORKCOPY\BASEDM-GIT\TODDLER\WINDOWS-CRYPTO\BUILD\BASEDM\DEBUG\VC100.PDB
